Build started 12/14/2015 9:39:38 PM.
     1>Project "E:\LUMS\Fall 2015-16\Graphics\Project\fluidsim\fluidsim\fluidsim.vcxproj" on node 2 (build target(s)).
     1>InitializeBuildStatus:
         Creating "Debug\fluidsim.unsuccessfulbuild" because "AlwaysCreate" was specified.
       ClCompile:
         C:\Program Files (x86)\Microsoft Visual Studio 10.0\VC\bin\CL.exe /c /ZI /nologo /W3 /WX- /Od /Oy- /D WIN32 /D _DEBUG /D _CONSOLE /D _UNICODE /D UNICODE /Gm /EHsc /RTC1 /MDd /GS /fp:precise /Zc:wchar_t /Zc:forScope /Fo"Debug\\" /Fd"Debug\vc100.pdb" /Gd /TP /analyze- /errorReport:prompt fluid.cpp mymain.cpp
         mymain.cpp
         fluid.cpp
     1>e:\lums\fall 2015-16\graphics\project\fluidsim\fluidsim\fluid.cpp(198): warning C4018: '<' : signed/unsigned mismatch
     1>e:\lums\fall 2015-16\graphics\project\fluidsim\fluidsim\fluid.cpp(366): warning C4018: '<' : signed/unsigned mismatch
     1>e:\lums\fall 2015-16\graphics\project\fluidsim\fluidsim\fluid.cpp(380): warning C4018: '<' : signed/unsigned mismatch
         Generating Code...
       ManifestResourceCompile:
         All outputs are up-to-date.
       Link:
         C:\Program Files (x86)\Microsoft Visual Studio 10.0\VC\bin\link.exe /ERRORREPORT:PROMPT /OUT:"E:\LUMS\Fall 2015-16\Graphics\Project\fluidsim\Debug\fluidsim.exe" /INCREMENTAL /NOLOGO kernel32.lib user32.lib gdi32.lib winspool.lib comdlg32.lib advapi32.lib shell32.lib ole32.lib oleaut32.lib uuid.lib odbc32.lib odbccp32.lib /MANIFEST /ManifestFile:"Debug\fluidsim.exe.intermediate.manifest" /MANIFESTUAC:"level='asInvoker' uiAccess='false'" /DEBUG /PDB:"E:\LUMS\Fall 2015-16\Graphics\Project\fluidsim\Debug\fluidsim.pdb" /SUBSYSTEM:CONSOLE /TLBID:1 /DYNAMICBASE /NXCOMPAT /IMPLIB:"E:\LUMS\Fall 2015-16\Graphics\Project\fluidsim\Debug\fluidsim.lib" /MACHINE:X86 Debug\fluidsim.exe.embed.manifest.res
         Debug\fluid.obj
         Debug\mymain.obj
       Manifest:
         C:\Program Files (x86)\Microsoft SDKs\Windows\v7.0A\bin\mt.exe /nologo /verbose /out:"Debug\fluidsim.exe.embed.manifest" /manifest Debug\fluidsim.exe.intermediate.manifest
         All outputs are up-to-date.
       LinkEmbedManifest:
         All outputs are up-to-date.
         fluidsim.vcxproj -> E:\LUMS\Fall 2015-16\Graphics\Project\fluidsim\Debug\fluidsim.exe
       FinalizeBuildStatus:
         Deleting file "Debug\fluidsim.unsuccessfulbuild".
         Touching "Debug\fluidsim.lastbuildstate".
     1>Done Building Project "E:\LUMS\Fall 2015-16\Graphics\Project\fluidsim\fluidsim\fluidsim.vcxproj" (build target(s)).

Build succeeded.

Time Elapsed 00:00:01.62
