Build started 12/14/2015 9:38:50 PM.
     1>Project "E:\LUMS\Fall 2015-16\Graphics\Project\fluidsim\fluidsim\fluidsim.vcxproj" on node 2 (build target(s)).
     1>InitializeBuildStatus:
         Creating "Release\fluidsim.unsuccessfulbuild" because "AlwaysCreate" was specified.
       ClCompile:
         C:\Program Files (x86)\Microsoft Visual Studio 10.0\VC\bin\CL.exe /c /Zi /nologo /W3 /WX- /O2 /Oi /Oy- /GL /D WIN32 /D NDEBUG /D _CONSOLE /D _UNICODE /D UNICODE /Gm- /EHsc /MD /GS /Gy /fp:precise /Zc:wchar_t /Zc:forScope /Fo"Release\\" /Fd"Release\vc100.pdb" /Gd /TP /analyze- /errorReport:prompt fluid.cpp
         fluid.cpp
     1>fluid.cpp(198): warning C4018: '<' : signed/unsigned mismatch
     1>fluid.cpp(366): warning C4018: '<' : signed/unsigned mismatch
     1>fluid.cpp(380): warning C4018: '<' : signed/unsigned mismatch
       Link:
         C:\Program Files (x86)\Microsoft Visual Studio 10.0\VC\bin\link.exe /ERRORREPORT:PROMPT /OUT:"E:\LUMS\Fall 2015-16\Graphics\Project\fluidsim\Release\fluidsim.exe" /INCREMENTAL:NO /NOLOGO kernel32.lib user32.lib gdi32.lib winspool.lib comdlg32.lib advapi32.lib shell32.lib ole32.lib oleaut32.lib uuid.lib odbc32.lib odbccp32.lib /MANIFEST /ManifestFile:"Release\fluidsim.exe.intermediate.manifest" /MANIFESTUAC:"level='asInvoker' uiAccess='false'" /DEBUG /PDB:"E:\LUMS\Fall 2015-16\Graphics\Project\fluidsim\Release\fluidsim.pdb" /SUBSYSTEM:CONSOLE /OPT:REF /OPT:ICF /LTCG /TLBID:1 /DYNAMICBASE /NXCOMPAT /IMPLIB:"E:\LUMS\Fall 2015-16\Graphics\Project\fluidsim\Release\fluidsim.lib" /MACHINE:X86 Release\fluid.obj
         Release\mymain.obj
         Generating code
         Finished generating code
         fluidsim.vcxproj -> E:\LUMS\Fall 2015-16\Graphics\Project\fluidsim\Release\fluidsim.exe
       Manifest:
         C:\Program Files (x86)\Microsoft SDKs\Windows\v7.0A\bin\mt.exe /nologo /verbose /outputresource:"E:\LUMS\Fall 2015-16\Graphics\Project\fluidsim\Release\fluidsim.exe;#1" /manifest Release\fluidsim.exe.intermediate.manifest
       FinalizeBuildStatus:
         Deleting file "Release\fluidsim.unsuccessfulbuild".
         Touching "Release\fluidsim.lastbuildstate".
     1>Done Building Project "E:\LUMS\Fall 2015-16\Graphics\Project\fluidsim\fluidsim\fluidsim.vcxproj" (build target(s)).

Build succeeded.

Time Elapsed 00:00:00.85
